<?xml version="1.0" encoding="UTF-8"?>
<coverage generated="1643809369364" clover="3.2.0">
  <project timestamp="1643809369364" name="All files">
    <metrics statements="100" coveredstatements="80" conditionals="19" coveredconditionals="15" methods="43" coveredmethods="36" elements="162" coveredelements="131" complexity="0" loc="100" ncloc="100" packages="4" files="11" classes="11"/>
    <package name="src">
      <metrics statements="8" coveredstatements="5" conditionals="1" coveredconditionals="1" methods="4" coveredmethods="2"/>
      <file name="App.tsx" path="/Users/marekprzybylak/sofomo/redux-shop-cart-testing/src/App.tsx">
        <metrics statements="2" coveredstatements="0" conditionals="0" coveredconditionals="0" methods="2" coveredmethods="0"/>
        <line num="9" count="0" type="stmt"/>
        <line num="42" count="0" type="stmt"/>
      </file>
      <file name="main.tsx" path="/Users/marekprzybylak/sofomo/redux-shop-cart-testing/src/main.tsx">
        <metrics statements="1" coveredstatements="0" conditionals="0" coveredconditionals="0" methods="0" coveredmethods="0"/>
        <line num="8" count="0" type="stmt"/>
      </file>
      <file name="test-utils.tsx" path="/Users/marekprzybylak/sofomo/redux-shop-cart-testing/src/test-utils.tsx">
        <metrics statements="5" coveredstatements="5" conditionals="1" coveredconditionals="1" methods="2" coveredmethods="2"/>
        <line num="13" count="14" type="stmt"/>
        <line num="14" count="14" type="stmt"/>
        <line num="19" count="14" type="stmt"/>
        <line num="26" count="10" type="stmt"/>
        <line num="37" count="10" type="stmt"/>
      </file>
    </package>
    <package name="src.app">
      <metrics statements="18" coveredstatements="6" conditionals="4" coveredconditionals="0" methods="6" coveredmethods="2"/>
      <file name="api.ts" path="/Users/marekprzybylak/sofomo/redux-shop-cart-testing/src/app/api.ts">
        <metrics statements="13" coveredstatements="1" conditionals="4" coveredconditionals="0" methods="4" coveredmethods="0"/>
        <line num="12" count="0" type="stmt"/>
        <line num="13" count="0" type="stmt"/>
        <line num="14" count="0" type="stmt"/>
        <line num="21" count="0" type="cond" truecount="0" falsecount="2"/>
        <line num="22" count="0" type="stmt"/>
        <line num="23" count="0" type="stmt"/>
        <line num="24" count="0" type="stmt"/>
        <line num="28" count="0" type="stmt"/>
        <line num="29" count="0" type="cond" truecount="0" falsecount="2"/>
        <line num="30" count="0" type="stmt"/>
        <line num="32" count="0" type="stmt"/>
        <line num="36" count="3" type="stmt"/>
        <line num="37" count="0" type="stmt"/>
      </file>
      <file name="hooks.ts" path="/Users/marekprzybylak/sofomo/redux-shop-cart-testing/src/app/hooks.ts">
        <metrics statements="2" coveredstatements="2" conditionals="0" coveredconditionals="0" methods="1" coveredmethods="1"/>
        <line num="4" count="23" type="stmt"/>
        <line num="5" count="3" type="stmt"/>
      </file>
      <file name="store.ts" path="/Users/marekprzybylak/sofomo/redux-shop-cart-testing/src/app/store.ts">
        <metrics statements="3" coveredstatements="3" conditionals="0" coveredconditionals="0" methods="1" coveredmethods="1"/>
        <line num="5" count="4" type="stmt"/>
        <line num="10" count="4" type="stmt"/>
        <line num="15" count="19" type="stmt"/>
      </file>
    </package>
    <package name="src.features.cart">
      <metrics statements="60" coveredstatements="55" conditionals="14" coveredconditionals="14" methods="25" coveredmethods="24"/>
      <file name="Cart.tsx" path="/Users/marekprzybylak/sofomo/redux-shop-cart-testing/src/features/cart/Cart.tsx">
        <metrics statements="15" coveredstatements="15" conditionals="6" coveredconditionals="6" methods="10" coveredmethods="10"/>
        <line num="13" count="13" type="stmt"/>
        <line num="14" count="26" type="stmt"/>
        <line num="15" count="26" type="stmt"/>
        <line num="16" count="13" type="stmt"/>
        <line num="17" count="26" type="stmt"/>
        <line num="18" count="26" type="stmt"/>
        <line num="24" count="2" type="cond" truecount="2" falsecount="0"/>
        <line num="25" count="2" type="stmt"/>
        <line num="29" count="2" type="stmt"/>
        <line num="30" count="2" type="stmt"/>
        <line num="33" count="13" type="stmt"/>
        <line num="39" count="13" type="stmt"/>
        <line num="53" count="7" type="stmt"/>
        <line num="61" count="2" type="stmt"/>
        <line num="67" count="1" type="stmt"/>
      </file>
      <file name="CartLink.tsx" path="/Users/marekprzybylak/sofomo/redux-shop-cart-testing/src/features/cart/CartLink.tsx">
        <metrics statements="2" coveredstatements="2" conditionals="2" coveredconditionals="2" methods="1" coveredmethods="1"/>
        <line num="8" count="7" type="stmt"/>
        <line num="9" count="7" type="stmt"/>
      </file>
      <file name="cartSlice.ts" path="/Users/marekprzybylak/sofomo/redux-shop-cart-testing/src/features/cart/cartSlice.ts">
        <metrics statements="43" coveredstatements="38" conditionals="6" coveredconditionals="6" methods="14" coveredmethods="13"/>
        <line num="17" count="4" type="stmt"/>
        <line num="23" count="4" type="stmt"/>
        <line num="26" count="11" type="stmt"/>
        <line num="27" count="11" type="stmt"/>
        <line num="28" count="11" type="stmt"/>
        <line num="29" count="5" type="stmt"/>
        <line num="33" count="4" type="stmt"/>
        <line num="38" count="23" type="cond" truecount="2" falsecount="0"/>
        <line num="39" count="13" type="stmt"/>
        <line num="41" count="10" type="stmt"/>
        <line num="45" count="4" type="stmt"/>
        <line num="51" count="4" type="stmt"/>
        <line num="52" count="4" type="stmt"/>
        <line num="56" count="4" type="stmt"/>
        <line num="57" count="7" type="stmt"/>
        <line num="59" count="4" type="stmt"/>
        <line num="62" count="3" type="stmt"/>
        <line num="63" count="3" type="cond" truecount="2" falsecount="0"/>
        <line num="64" count="2" type="stmt"/>
        <line num="65" count="2" type="stmt"/>
        <line num="67" count="1" type="stmt"/>
        <line num="71" count="4" type="stmt"/>
        <line num="72" count="4" type="stmt"/>
        <line num="73" count="4" type="cond" truecount="2" falsecount="0"/>
        <line num="78" count="4" type="stmt"/>
        <line num="82" count="0" type="stmt"/>
        <line num="83" count="0" type="stmt"/>
        <line num="84" count="0" type="stmt"/>
        <line num="85" count="0" type="stmt"/>
        <line num="87" count="0" type="stmt"/>
        <line num="90" count="4" type="stmt"/>
        <line num="91" count="17" type="stmt"/>
        <line num="94" count="11" type="stmt"/>
        <line num="95" count="11" type="stmt"/>
        <line num="96" count="13" type="stmt"/>
        <line num="98" count="11" type="stmt"/>
        <line num="102" count="4" type="stmt"/>
        <line num="103" count="21" type="stmt"/>
        <line num="104" count="21" type="stmt"/>
        <line num="106" count="17" type="stmt"/>
        <line num="107" count="17" type="stmt"/>
        <line num="108" count="13" type="stmt"/>
        <line num="110" count="17" type="stmt"/>
      </file>
    </package>
    <package name="src.features.products">
      <metrics statements="14" coveredstatements="14" conditionals="0" coveredconditionals="0" methods="8" coveredmethods="8"/>
      <file name="Products.tsx" path="/Users/marekprzybylak/sofomo/redux-shop-cart-testing/src/features/products/Products.tsx">
        <metrics statements="8" coveredstatements="8" conditionals="0" coveredconditionals="0" methods="6" coveredmethods="6"/>
        <line num="9" count="10" type="stmt"/>
        <line num="10" count="10" type="stmt"/>
        <line num="11" count="5" type="stmt"/>
        <line num="12" count="5" type="stmt"/>
        <line num="15" count="29" type="stmt"/>
        <line num="16" count="10" type="stmt"/>
        <line num="20" count="25" type="stmt"/>
        <line num="34" count="9" type="stmt"/>
      </file>
      <file name="productsSlice.ts" path="/Users/marekprzybylak/sofomo/redux-shop-cart-testing/src/features/products/productsSlice.ts">
        <metrics statements="6" coveredstatements="6" conditionals="0" coveredconditionals="0" methods="2" coveredmethods="2"/>
        <line num="8" count="5" type="stmt"/>
        <line num="12" count="5" type="stmt"/>
        <line num="17" count="14" type="stmt"/>
        <line num="18" count="14" type="stmt"/>
        <line num="19" count="64" type="stmt"/>
        <line num="25" count="5" type="stmt"/>
      </file>
    </package>
  </project>
</coverage>
