{"/Users/marekprzybylak/sofomo/redux-shop-cart-testing/src/App.tsx": {"path":"/Users/marekprzybylak/sofomo/redux-shop-cart-testing/src/App.tsx","statementMap":{"0":{"start":{"line":9,"column":2},"end":{"line":36,"column":4}},"1":{"start":{"line":42,"column":2},"end":{"line":50,"column":4}}},"fnMap":{"0":{"name":"App","decl":{"start":{"line":8,"column":9},"end":{"line":8,"column":12}},"loc":{"start":{"line":8,"column":15},"end":{"line":37,"column":1}},"line":8},"1":{"name":"Home","decl":{"start":{"line":41,"column":9},"end":{"line":41,"column":13}},"loc":{"start":{"line":41,"column":16},"end":{"line":51,"column":1}},"line":41}},"branchMap":{},"s":{"0":0,"1":0},"f":{"0":0,"1":0},"b":{}}
,"/Users/marekprzybylak/sofomo/redux-shop-cart-testing/src/main.tsx": {"path":"/Users/marekprzybylak/sofomo/redux-shop-cart-testing/src/main.tsx","statementMap":{"0":{"start":{"line":8,"column":0},"end":{"line":15,"column":2}}},"fnMap":{},"branchMap":{},"s":{"0":0},"f":{},"b":{}}
,"/Users/marekprzybylak/sofomo/redux-shop-cart-testing/src/test-utils.tsx": {"path":"/Users/marekprzybylak/sofomo/redux-shop-cart-testing/src/test-utils.tsx","statementMap":{"0":{"start":{"line":13,"column":16},"end":{"line":13,"column":40}},"1":{"start":{"line":14,"column":16},"end":{"line":18,"column":3}},"2":{"start":{"line":19,"column":2},"end":{"line":19,"column":29}},"3":{"start":{"line":26,"column":27},"end":{"line":35,"column":3}},"4":{"start":{"line":37,"column":2},"end":{"line":37,"column":15}}},"fnMap":{"0":{"name":"renderWithContext","decl":{"start":{"line":9,"column":16},"end":{"line":9,"column":33}},"loc":{"start":{"line":12,"column":2},"end":{"line":20,"column":1}},"line":12},"1":{"name":"getStateWithItems","decl":{"start":{"line":22,"column":16},"end":{"line":22,"column":33}},"loc":{"start":{"line":25,"column":13},"end":{"line":38,"column":1}},"line":25}},"branchMap":{"0":{"loc":{"start":{"line":24,"column":2},"end":{"line":24,"column":40}},"type":"default-arg","locations":[{"start":{"line":24,"column":38},"end":{"line":24,"column":40}}],"line":24}},"s":{"0":14,"1":14,"2":14,"3":10,"4":10},"f":{"0":14,"1":10},"b":{"0":[6]},"_coverageSchema":"1a1c01bbd47fc00a2c39e90264f33305004495a9","hash":"475c376bbfe506c2b3e5c14ed3e90e18a3bbd19f"}
,"/Users/marekprzybylak/sofomo/redux-shop-cart-testing/src/app/api.ts": {"path":"/Users/marekprzybylak/sofomo/redux-shop-cart-testing/src/app/api.ts","statementMap":{"0":{"start":{"line":12,"column":18},"end":{"line":12,"column":47}},"1":{"start":{"line":13,"column":19},"end":{"line":13,"column":33}},"2":{"start":{"line":14,"column":2},"end":{"line":14,"column":18}},"3":{"start":{"line":21,"column":19},"end":{"line":21,"column":70}},"4":{"start":{"line":22,"column":14},"end":{"line":22,"column":42}},"5":{"start":{"line":23,"column":2},"end":{"line":23,"column":19}},"6":{"start":{"line":24,"column":19},"end":{"line":27,"column":4}},"7":{"start":{"line":28,"column":15},"end":{"line":28,"column":36}},"8":{"start":{"line":29,"column":2},"end":{"line":31,"column":3}},"9":{"start":{"line":30,"column":4},"end":{"line":30,"column":32}},"10":{"start":{"line":32,"column":2},"end":{"line":32,"column":34}},"11":{"start":{"line":36,"column":14},"end":{"line":37,"column":45}},"12":{"start":{"line":37,"column":2},"end":{"line":37,"column":45}},"13":{"start":{"line":37,"column":23},"end":{"line":37,"column":44}}},"fnMap":{"0":{"name":"getProducts","decl":{"start":{"line":11,"column":22},"end":{"line":11,"column":33}},"loc":{"start":{"line":11,"column":56},"end":{"line":15,"column":1}},"line":11},"1":{"name":"checkout","decl":{"start":{"line":20,"column":22},"end":{"line":20,"column":30}},"loc":{"start":{"line":20,"column":76},"end":{"line":33,"column":1}},"line":20},"2":{"name":"(anonymous_2)","decl":{"start":{"line":36,"column":14},"end":{"line":36,"column":15}},"loc":{"start":{"line":37,"column":2},"end":{"line":37,"column":45}},"line":37},"3":{"name":"(anonymous_3)","decl":{"start":{"line":37,"column":14},"end":{"line":37,"column":15}},"loc":{"start":{"line":37,"column":23},"end":{"line":37,"column":44}},"line":37}},"branchMap":{"0":{"loc":{"start":{"line":21,"column":19},"end":{"line":21,"column":70}},"type":"cond-expr","locations":[{"start":{"line":21,"column":51},"end":{"line":21,"column":60}},{"start":{"line":21,"column":63},"end":{"line":21,"column":70}}],"line":21},"1":{"loc":{"start":{"line":29,"column":2},"end":{"line":31,"column":3}},"type":"if","locations":[{"start":{"line":29,"column":2},"end":{"line":31,"column":3}},{"start":{},"end":{}}],"line":29}},"s":{"0":0,"1":0,"2":0,"3":0,"4":0,"5":0,"6":0,"7":0,"8":0,"9":0,"10":0,"11":3,"12":0,"13":0},"f":{"0":0,"1":0,"2":0,"3":0},"b":{"0":[0,0],"1":[0,0]},"_coverageSchema":"1a1c01bbd47fc00a2c39e90264f33305004495a9","hash":"6d4bfcc2eefd49f5061b8abd6ac0dd83f62cc864"}
,"/Users/marekprzybylak/sofomo/redux-shop-cart-testing/src/app/hooks.ts": {"path":"/Users/marekprzybylak/sofomo/redux-shop-cart-testing/src/app/hooks.ts","statementMap":{"0":{"start":{"line":4,"column":30},"end":{"line":4,"column":62}},"1":{"start":{"line":4,"column":36},"end":{"line":4,"column":62}},"2":{"start":{"line":5,"column":63},"end":{"line":5,"column":74}}},"fnMap":{"0":{"name":"(anonymous_0)","decl":{"start":{"line":4,"column":30},"end":{"line":4,"column":31}},"loc":{"start":{"line":4,"column":36},"end":{"line":4,"column":62}},"line":4}},"branchMap":{},"s":{"0":3,"1":23,"2":3},"f":{"0":23},"b":{},"_coverageSchema":"1a1c01bbd47fc00a2c39e90264f33305004495a9","hash":"68ae099ca7c6707030ec204c7ce5eca3b4424d72"}
,"/Users/marekprzybylak/sofomo/redux-shop-cart-testing/src/app/store.ts": {"path":"/Users/marekprzybylak/sofomo/redux-shop-cart-testing/src/app/store.ts","statementMap":{"0":{"start":{"line":5,"column":16},"end":{"line":8,"column":1}},"1":{"start":{"line":10,"column":21},"end":{"line":12,"column":2}},"2":{"start":{"line":15,"column":2},"end":{"line":15,"column":53}}},"fnMap":{"0":{"name":"getStoreWithState","decl":{"start":{"line":14,"column":16},"end":{"line":14,"column":33}},"loc":{"start":{"line":14,"column":62},"end":{"line":16,"column":1}},"line":14}},"branchMap":{},"s":{"0":4,"1":4,"2":19},"f":{"0":19},"b":{},"_coverageSchema":"1a1c01bbd47fc00a2c39e90264f33305004495a9","hash":"7fbc432d8e50e5e76772df2b961595e762b0ddfc"}
,"/Users/marekprzybylak/sofomo/redux-shop-cart-testing/src/features/cart/Cart.tsx": {"path":"/Users/marekprzybylak/sofomo/redux-shop-cart-testing/src/features/cart/Cart.tsx","statementMap":{"0":{"start":{"line":13,"column":19},"end":{"line":13,"column":35}},"1":{"start":{"line":14,"column":19},"end":{"line":14,"column":69}},"2":{"start":{"line":14,"column":45},"end":{"line":14,"column":68}},"3":{"start":{"line":15,"column":16},"end":{"line":15,"column":59}},"4":{"start":{"line":15,"column":42},"end":{"line":15,"column":58}},"5":{"start":{"line":16,"column":21},"end":{"line":16,"column":50}},"6":{"start":{"line":17,"column":24},"end":{"line":17,"column":75}},"7":{"start":{"line":17,"column":50},"end":{"line":17,"column":74}},"8":{"start":{"line":18,"column":23},"end":{"line":18,"column":73}},"9":{"start":{"line":18,"column":49},"end":{"line":18,"column":72}},"10":{"start":{"line":24,"column":21},"end":{"line":24,"column":48}},"11":{"start":{"line":25,"column":4},"end":{"line":25,"column":47}},"12":{"start":{"line":29,"column":4},"end":{"line":29,"column":23}},"13":{"start":{"line":30,"column":4},"end":{"line":30,"column":29}},"14":{"start":{"line":33,"column":23},"end":{"line":37,"column":4}},"15":{"start":{"line":39,"column":2},"end":{"line":94,"column":4}},"16":{"start":{"line":53,"column":12},"end":{"line":73,"column":17}},"17":{"start":{"line":61,"column":33},"end":{"line":61,"column":57}},"18":{"start":{"line":67,"column":33},"end":{"line":67,"column":61}}},"fnMap":{"0":{"name":"Cart","decl":{"start":{"line":12,"column":16},"end":{"line":12,"column":20}},"loc":{"start":{"line":12,"column":23},"end":{"line":95,"column":1}},"line":12},"1":{"name":"(anonymous_1)","decl":{"start":{"line":14,"column":34},"end":{"line":14,"column":35}},"loc":{"start":{"line":14,"column":45},"end":{"line":14,"column":68}},"line":14},"2":{"name":"(anonymous_2)","decl":{"start":{"line":15,"column":31},"end":{"line":15,"column":32}},"loc":{"start":{"line":15,"column":42},"end":{"line":15,"column":58}},"line":15},"3":{"name":"(anonymous_3)","decl":{"start":{"line":17,"column":39},"end":{"line":17,"column":40}},"loc":{"start":{"line":17,"column":50},"end":{"line":17,"column":74}},"line":17},"4":{"name":"(anonymous_4)","decl":{"start":{"line":18,"column":38},"end":{"line":18,"column":39}},"loc":{"start":{"line":18,"column":49},"end":{"line":18,"column":72}},"line":18},"5":{"name":"onQuantityChanged","decl":{"start":{"line":20,"column":11},"end":{"line":20,"column":28}},"loc":{"start":{"line":23,"column":4},"end":{"line":26,"column":3}},"line":23},"6":{"name":"onCheckout","decl":{"start":{"line":28,"column":11},"end":{"line":28,"column":21}},"loc":{"start":{"line":28,"column":59},"end":{"line":31,"column":3}},"line":28},"7":{"name":"(anonymous_7)","decl":{"start":{"line":52,"column":37},"end":{"line":52,"column":38}},"loc":{"start":{"line":53,"column":12},"end":{"line":73,"column":17}},"line":53},"8":{"name":"(anonymous_8)","decl":{"start":{"line":61,"column":26},"end":{"line":61,"column":27}},"loc":{"start":{"line":61,"column":33},"end":{"line":61,"column":57}},"line":61},"9":{"name":"(anonymous_9)","decl":{"start":{"line":67,"column":27},"end":{"line":67,"column":28}},"loc":{"start":{"line":67,"column":33},"end":{"line":67,"column":61}},"line":67}},"branchMap":{"0":{"loc":{"start":{"line":24,"column":21},"end":{"line":24,"column":48}},"type":"binary-expr","locations":[{"start":{"line":24,"column":21},"end":{"line":24,"column":43}},{"start":{"line":24,"column":47},"end":{"line":24,"column":48}}],"line":24},"1":{"loc":{"start":{"line":86,"column":9},"end":{"line":88,"column":16}},"type":"cond-expr","locations":[{"start":{"line":87,"column":10},"end":{"line":87,"column":59}},{"start":{"line":88,"column":12},"end":{"line":88,"column":16}}],"line":86},"2":{"loc":{"start":{"line":86,"column":9},"end":{"line":86,"column":50}},"type":"binary-expr","locations":[{"start":{"line":86,"column":9},"end":{"line":86,"column":34}},{"start":{"line":86,"column":38},"end":{"line":86,"column":50}}],"line":86}},"s":{"0":13,"1":13,"2":26,"3":13,"4":26,"5":13,"6":13,"7":26,"8":13,"9":26,"10":2,"11":2,"12":2,"13":2,"14":13,"15":13,"16":7,"17":2,"18":1},"f":{"0":13,"1":26,"2":26,"3":26,"4":26,"5":2,"6":2,"7":7,"8":2,"9":1},"b":{"0":[2,1],"1":[1,12],"2":[13,1]},"_coverageSchema":"1a1c01bbd47fc00a2c39e90264f33305004495a9","hash":"f60a326937b4d5c56af046e12bca9d55b23cc599"}
,"/Users/marekprzybylak/sofomo/redux-shop-cart-testing/src/features/cart/CartLink.tsx": {"path":"/Users/marekprzybylak/sofomo/redux-shop-cart-testing/src/features/cart/CartLink.tsx","statementMap":{"0":{"start":{"line":8,"column":19},"end":{"line":8,"column":54}},"1":{"start":{"line":9,"column":2},"end":{"line":15,"column":4}}},"fnMap":{"0":{"name":"CartLink","decl":{"start":{"line":7,"column":16},"end":{"line":7,"column":24}},"loc":{"start":{"line":7,"column":27},"end":{"line":16,"column":1}},"line":7}},"branchMap":{"0":{"loc":{"start":{"line":12,"column":23},"end":{"line":12,"column":51}},"type":"cond-expr","locations":[{"start":{"line":12,"column":34},"end":{"line":12,"column":42}},{"start":{"line":12,"column":45},"end":{"line":12,"column":51}}],"line":12}},"s":{"0":7,"1":7},"f":{"0":7},"b":{"0":[4,3]},"_coverageSchema":"1a1c01bbd47fc00a2c39e90264f33305004495a9","hash":"f75dca3fe1e5813edcbf1ab1f679b1feb19e2673"}
,"/Users/marekprzybylak/sofomo/redux-shop-cart-testing/src/features/cart/cartSlice.ts": {"path":"/Users/marekprzybylak/sofomo/redux-shop-cart-testing/src/features/cart/cartSlice.ts","statementMap":{"0":{"start":{"line":17,"column":32},"end":{"line":21,"column":1}},"1":{"start":{"line":23,"column":28},"end":{"line":31,"column":1}},"2":{"start":{"line":26,"column":18},"end":{"line":26,"column":50}},"3":{"start":{"line":27,"column":18},"end":{"line":27,"column":34}},"4":{"start":{"line":28,"column":21},"end":{"line":28,"column":42}},"5":{"start":{"line":29,"column":4},"end":{"line":29,"column":20}},"6":{"start":{"line":33,"column":18},"end":{"line":76,"column":2}},"7":{"start":{"line":38,"column":6},"end":{"line":42,"column":7}},"8":{"start":{"line":39,"column":8},"end":{"line":39,"column":38}},"9":{"start":{"line":41,"column":8},"end":{"line":41,"column":40}},"10":{"start":{"line":45,"column":6},"end":{"line":45,"column":41}},"11":{"start":{"line":51,"column":31},"end":{"line":51,"column":45}},"12":{"start":{"line":52,"column":6},"end":{"line":52,"column":33}},"13":{"start":{"line":56,"column":4},"end":{"line":58,"column":7}},"14":{"start":{"line":57,"column":6},"end":{"line":57,"column":38}},"15":{"start":{"line":59,"column":4},"end":{"line":70,"column":6}},"16":{"start":{"line":62,"column":28},"end":{"line":62,"column":42}},"17":{"start":{"line":63,"column":8},"end":{"line":68,"column":9}},"18":{"start":{"line":64,"column":10},"end":{"line":64,"column":40}},"19":{"start":{"line":65,"column":10},"end":{"line":65,"column":27}},"20":{"start":{"line":67,"column":10},"end":{"line":67,"column":40}},"21":{"start":{"line":71,"column":4},"end":{"line":74,"column":7}},"22":{"start":{"line":72,"column":6},"end":{"line":72,"column":36}},"23":{"start":{"line":73,"column":6},"end":{"line":73,"column":54}},"24":{"start":{"line":78,"column":61},"end":{"line":78,"column":78}},"25":{"start":{"line":82,"column":2},"end":{"line":82,"column":34}},"26":{"start":{"line":83,"column":17},"end":{"line":83,"column":18}},"27":{"start":{"line":84,"column":2},"end":{"line":86,"column":3}},"28":{"start":{"line":85,"column":4},"end":{"line":85,"column":37}},"29":{"start":{"line":87,"column":2},"end":{"line":87,"column":18}},"30":{"start":{"line":90,"column":35},"end":{"line":100,"column":1}},"31":{"start":{"line":91,"column":24},"end":{"line":91,"column":40}},"32":{"start":{"line":94,"column":19},"end":{"line":94,"column":20}},"33":{"start":{"line":95,"column":4},"end":{"line":97,"column":5}},"34":{"start":{"line":96,"column":6},"end":{"line":96,"column":28}},"35":{"start":{"line":98,"column":4},"end":{"line":98,"column":20}},"36":{"start":{"line":102,"column":29},"end":{"line":112,"column":1}},"37":{"start":{"line":103,"column":24},"end":{"line":103,"column":40}},"38":{"start":{"line":104,"column":24},"end":{"line":104,"column":47}},"39":{"start":{"line":106,"column":16},"end":{"line":106,"column":17}},"40":{"start":{"line":107,"column":4},"end":{"line":109,"column":5}},"41":{"start":{"line":108,"column":6},"end":{"line":108,"column":46}},"42":{"start":{"line":110,"column":4},"end":{"line":110,"column":28}}},"fnMap":{"0":{"name":"(anonymous_0)","decl":{"start":{"line":25,"column":2},"end":{"line":25,"column":3}},"loc":{"start":{"line":25,"column":25},"end":{"line":30,"column":3}},"line":25},"1":{"name":"(anonymous_1)","decl":{"start":{"line":37,"column":4},"end":{"line":37,"column":5}},"loc":{"start":{"line":37,"column":52},"end":{"line":43,"column":5}},"line":37},"2":{"name":"(anonymous_2)","decl":{"start":{"line":44,"column":4},"end":{"line":44,"column":5}},"loc":{"start":{"line":44,"column":57},"end":{"line":46,"column":5}},"line":44},"3":{"name":"(anonymous_3)","decl":{"start":{"line":47,"column":4},"end":{"line":47,"column":5}},"loc":{"start":{"line":50,"column":6},"end":{"line":53,"column":5}},"line":50},"4":{"name":"(anonymous_4)","decl":{"start":{"line":55,"column":17},"end":{"line":55,"column":18}},"loc":{"start":{"line":55,"column":30},"end":{"line":75,"column":3}},"line":55},"5":{"name":"(anonymous_5)","decl":{"start":{"line":56,"column":42},"end":{"line":56,"column":43}},"loc":{"start":{"line":56,"column":53},"end":{"line":58,"column":5}},"line":56},"6":{"name":"(anonymous_6)","decl":{"start":{"line":61,"column":6},"end":{"line":61,"column":7}},"loc":{"start":{"line":61,"column":62},"end":{"line":69,"column":7}},"line":61},"7":{"name":"(anonymous_7)","decl":{"start":{"line":71,"column":43},"end":{"line":71,"column":44}},"loc":{"start":{"line":71,"column":62},"end":{"line":74,"column":5}},"line":71},"8":{"name":"getNumItems","decl":{"start":{"line":81,"column":16},"end":{"line":81,"column":27}},"loc":{"start":{"line":81,"column":46},"end":{"line":88,"column":1}},"line":81},"9":{"name":"(anonymous_9)","decl":{"start":{"line":91,"column":2},"end":{"line":91,"column":3}},"loc":{"start":{"line":91,"column":24},"end":{"line":91,"column":40}},"line":91},"10":{"name":"(anonymous_10)","decl":{"start":{"line":92,"column":2},"end":{"line":92,"column":3}},"loc":{"start":{"line":92,"column":13},"end":{"line":99,"column":3}},"line":92},"11":{"name":"(anonymous_11)","decl":{"start":{"line":103,"column":2},"end":{"line":103,"column":3}},"loc":{"start":{"line":103,"column":24},"end":{"line":103,"column":40}},"line":103},"12":{"name":"(anonymous_12)","decl":{"start":{"line":104,"column":2},"end":{"line":104,"column":3}},"loc":{"start":{"line":104,"column":24},"end":{"line":104,"column":47}},"line":104},"13":{"name":"(anonymous_13)","decl":{"start":{"line":105,"column":2},"end":{"line":105,"column":3}},"loc":{"start":{"line":105,"column":23},"end":{"line":111,"column":3}},"line":105}},"branchMap":{"0":{"loc":{"start":{"line":38,"column":6},"end":{"line":42,"column":7}},"type":"if","locations":[{"start":{"line":38,"column":6},"end":{"line":42,"column":7}},{"start":{"line":40,"column":13},"end":{"line":42,"column":7}}],"line":38},"1":{"loc":{"start":{"line":63,"column":8},"end":{"line":68,"column":9}},"type":"if","locations":[{"start":{"line":63,"column":8},"end":{"line":68,"column":9}},{"start":{"line":66,"column":15},"end":{"line":68,"column":9}}],"line":63},"2":{"loc":{"start":{"line":73,"column":27},"end":{"line":73,"column":53}},"type":"binary-expr","locations":[{"start":{"line":73,"column":27},"end":{"line":73,"column":47}},{"start":{"line":73,"column":51},"end":{"line":73,"column":53}}],"line":73}},"s":{"0":4,"1":4,"2":11,"3":11,"4":11,"5":5,"6":4,"7":23,"8":13,"9":10,"10":4,"11":4,"12":4,"13":4,"14":7,"15":4,"16":3,"17":3,"18":2,"19":2,"20":1,"21":4,"22":4,"23":4,"24":4,"25":0,"26":0,"27":0,"28":0,"29":0,"30":4,"31":17,"32":11,"33":11,"34":13,"35":11,"36":4,"37":21,"38":21,"39":17,"40":17,"41":13,"42":17},"f":{"0":11,"1":23,"2":4,"3":4,"4":4,"5":7,"6":3,"7":4,"8":0,"9":17,"10":11,"11":21,"12":21,"13":17},"b":{"0":[13,10],"1":[2,1],"2":[4,1]},"_coverageSchema":"1a1c01bbd47fc00a2c39e90264f33305004495a9","hash":"1fc57a219d79dfd7c9972c62ee2fa30533bac7ab"}
,"/Users/marekprzybylak/sofomo/redux-shop-cart-testing/src/features/products/Products.tsx": {"path":"/Users/marekprzybylak/sofomo/redux-shop-cart-testing/src/features/products/Products.tsx","statementMap":{"0":{"start":{"line":9,"column":19},"end":{"line":9,"column":35}},"1":{"start":{"line":10,"column":2},"end":{"line":14,"column":9}},"2":{"start":{"line":11,"column":4},"end":{"line":13,"column":7}},"3":{"start":{"line":12,"column":6},"end":{"line":12,"column":43}},"4":{"start":{"line":15,"column":19},"end":{"line":15,"column":69}},"5":{"start":{"line":15,"column":45},"end":{"line":15,"column":68}},"6":{"start":{"line":16,"column":2},"end":{"line":44,"column":4}},"7":{"start":{"line":20,"column":10},"end":{"line":40,"column":15}},"8":{"start":{"line":34,"column":33},"end":{"line":34,"column":64}}},"fnMap":{"0":{"name":"Products","decl":{"start":{"line":8,"column":16},"end":{"line":8,"column":24}},"loc":{"start":{"line":8,"column":27},"end":{"line":45,"column":1}},"line":8},"1":{"name":"(anonymous_1)","decl":{"start":{"line":10,"column":12},"end":{"line":10,"column":13}},"loc":{"start":{"line":10,"column":18},"end":{"line":14,"column":3}},"line":10},"2":{"name":"(anonymous_2)","decl":{"start":{"line":11,"column":23},"end":{"line":11,"column":24}},"loc":{"start":{"line":11,"column":37},"end":{"line":13,"column":5}},"line":11},"3":{"name":"(anonymous_3)","decl":{"start":{"line":15,"column":34},"end":{"line":15,"column":35}},"loc":{"start":{"line":15,"column":45},"end":{"line":15,"column":68}},"line":15},"4":{"name":"(anonymous_4)","decl":{"start":{"line":19,"column":37},"end":{"line":19,"column":38}},"loc":{"start":{"line":20,"column":10},"end":{"line":40,"column":15}},"line":20},"5":{"name":"(anonymous_5)","decl":{"start":{"line":34,"column":27},"end":{"line":34,"column":28}},"loc":{"start":{"line":34,"column":33},"end":{"line":34,"column":64}},"line":34}},"branchMap":{},"s":{"0":10,"1":10,"2":5,"3":5,"4":10,"5":29,"6":10,"7":25,"8":9},"f":{"0":10,"1":5,"2":5,"3":29,"4":25,"5":9},"b":{},"_coverageSchema":"1a1c01bbd47fc00a2c39e90264f33305004495a9","hash":"1b8d3e6c706eb5b78c8c536a6a8c1cdd5feb3fdd"}
,"/Users/marekprzybylak/sofomo/redux-shop-cart-testing/src/features/products/productsSlice.ts": {"path":"/Users/marekprzybylak/sofomo/redux-shop-cart-testing/src/features/products/productsSlice.ts","statementMap":{"0":{"start":{"line":8,"column":36},"end":{"line":10,"column":1}},"1":{"start":{"line":12,"column":22},"end":{"line":23,"column":2}},"2":{"start":{"line":17,"column":23},"end":{"line":17,"column":37}},"3":{"start":{"line":18,"column":6},"end":{"line":20,"column":8}},"4":{"start":{"line":19,"column":8},"end":{"line":19,"column":45}},"5":{"start":{"line":25,"column":36},"end":{"line":25,"column":57}}},"fnMap":{"0":{"name":"(anonymous_0)","decl":{"start":{"line":16,"column":4},"end":{"line":16,"column":5}},"loc":{"start":{"line":16,"column":62},"end":{"line":21,"column":5}},"line":16},"1":{"name":"(anonymous_1)","decl":{"start":{"line":18,"column":23},"end":{"line":18,"column":24}},"loc":{"start":{"line":18,"column":34},"end":{"line":20,"column":7}},"line":18}},"branchMap":{},"s":{"0":5,"1":5,"2":14,"3":14,"4":64,"5":5},"f":{"0":14,"1":64},"b":{},"_coverageSchema":"1a1c01bbd47fc00a2c39e90264f33305004495a9","hash":"3ffb18ae6e32e09851567689c7e556df288d47e6"}
}
