TN:
SF:src/App.tsx
FN:8,App
FN:41,Home
FNF:2
FNH:0
FNDA:0,App
FNDA:0,Home
DA:9,0
DA:42,0
LF:2
LH:0
BRF:0
BRH:0
end_of_record
TN:
SF:src/main.tsx
FNF:0
FNH:0
DA:8,0
LF:1
LH:0
BRF:0
BRH:0
end_of_record
TN:
SF:src/test-utils.tsx
FN:9,renderWithContext
FN:22,getStateWithItems
FNF:2
FNH:2
FNDA:14,renderWithContext
FNDA:10,getStateWithItems
DA:13,14
DA:14,14
DA:19,14
DA:26,10
DA:37,10
LF:5
LH:5
BRDA:24,0,0,6
BRF:1
BRH:1
end_of_record
TN:
SF:src/app/api.ts
FN:11,getProducts
FN:20,checkout
FN:36,(anonymous_2)
FN:37,(anonymous_3)
FNF:4
FNH:0
FNDA:0,getProducts
FNDA:0,checkout
FNDA:0,(anonymous_2)
FNDA:0,(anonymous_3)
DA:12,0
DA:13,0
DA:14,0
DA:21,0
DA:22,0
DA:23,0
DA:24,0
DA:28,0
DA:29,0
DA:30,0
DA:32,0
DA:36,3
DA:37,0
LF:13
LH:1
BRDA:21,0,0,0
BRDA:21,0,1,0
BRDA:29,1,0,0
BRDA:29,1,1,0
BRF:4
BRH:0
end_of_record
TN:
SF:src/app/hooks.ts
FN:4,(anonymous_0)
FNF:1
FNH:1
FNDA:23,(anonymous_0)
DA:4,23
DA:5,3
LF:2
LH:2
BRF:0
BRH:0
end_of_record
TN:
SF:src/app/store.ts
FN:14,getStoreWithState
FNF:1
FNH:1
FNDA:19,getStoreWithState
DA:5,4
DA:10,4
DA:15,19
LF:3
LH:3
BRF:0
BRH:0
end_of_record
TN:
SF:src/features/cart/Cart.tsx
FN:12,Cart
FN:14,(anonymous_1)
FN:15,(anonymous_2)
FN:17,(anonymous_3)
FN:18,(anonymous_4)
FN:20,onQuantityChanged
FN:28,onCheckout
FN:52,(anonymous_7)
FN:61,(anonymous_8)
FN:67,(anonymous_9)
FNF:10
FNH:10
FNDA:13,Cart
FNDA:26,(anonymous_1)
FNDA:26,(anonymous_2)
FNDA:26,(anonymous_3)
FNDA:26,(anonymous_4)
FNDA:2,onQuantityChanged
FNDA:2,onCheckout
FNDA:7,(anonymous_7)
FNDA:2,(anonymous_8)
FNDA:1,(anonymous_9)
DA:13,13
DA:14,26
DA:15,26
DA:16,13
DA:17,26
DA:18,26
DA:24,2
DA:25,2
DA:29,2
DA:30,2
DA:33,13
DA:39,13
DA:53,7
DA:61,2
DA:67,1
LF:15
LH:15
BRDA:24,0,0,2
BRDA:24,0,1,1
BRDA:86,1,0,1
BRDA:86,1,1,12
BRDA:86,2,0,13
BRDA:86,2,1,1
BRF:6
BRH:6
end_of_record
TN:
SF:src/features/cart/CartLink.tsx
FN:7,CartLink
FNF:1
FNH:1
FNDA:7,CartLink
DA:8,7
DA:9,7
LF:2
LH:2
BRDA:12,0,0,4
BRDA:12,0,1,3
BRF:2
BRH:2
end_of_record
TN:
SF:src/features/cart/cartSlice.ts
FN:25,(anonymous_0)
FN:37,(anonymous_1)
FN:44,(anonymous_2)
FN:47,(anonymous_3)
FN:55,(anonymous_4)
FN:56,(anonymous_5)
FN:61,(anonymous_6)
FN:71,(anonymous_7)
FN:81,getNumItems
FN:91,(anonymous_9)
FN:92,(anonymous_10)
FN:103,(anonymous_11)
FN:104,(anonymous_12)
FN:105,(anonymous_13)
FNF:14
FNH:13
FNDA:11,(anonymous_0)
FNDA:23,(anonymous_1)
FNDA:4,(anonymous_2)
FNDA:4,(anonymous_3)
FNDA:4,(anonymous_4)
FNDA:7,(anonymous_5)
FNDA:3,(anonymous_6)
FNDA:4,(anonymous_7)
FNDA:0,getNumItems
FNDA:17,(anonymous_9)
FNDA:11,(anonymous_10)
FNDA:21,(anonymous_11)
FNDA:21,(anonymous_12)
FNDA:17,(anonymous_13)
DA:17,4
DA:23,4
DA:26,11
DA:27,11
DA:28,11
DA:29,5
DA:33,4
DA:38,23
DA:39,13
DA:41,10
DA:45,4
DA:51,4
DA:52,4
DA:56,4
DA:57,7
DA:59,4
DA:62,3
DA:63,3
DA:64,2
DA:65,2
DA:67,1
DA:71,4
DA:72,4
DA:73,4
DA:78,4
DA:82,0
DA:83,0
DA:84,0
DA:85,0
DA:87,0
DA:90,4
DA:91,17
DA:94,11
DA:95,11
DA:96,13
DA:98,11
DA:102,4
DA:103,21
DA:104,21
DA:106,17
DA:107,17
DA:108,13
DA:110,17
LF:43
LH:38
BRDA:38,0,0,13
BRDA:38,0,1,10
BRDA:63,1,0,2
BRDA:63,1,1,1
BRDA:73,2,0,4
BRDA:73,2,1,1
BRF:6
BRH:6
end_of_record
TN:
SF:src/features/products/Products.tsx
FN:8,Products
FN:10,(anonymous_1)
FN:11,(anonymous_2)
FN:15,(anonymous_3)
FN:19,(anonymous_4)
FN:34,(anonymous_5)
FNF:6
FNH:6
FNDA:10,Products
FNDA:5,(anonymous_1)
FNDA:5,(anonymous_2)
FNDA:29,(anonymous_3)
FNDA:25,(anonymous_4)
FNDA:9,(anonymous_5)
DA:9,10
DA:10,10
DA:11,5
DA:12,5
DA:15,29
DA:16,10
DA:20,25
DA:34,9
LF:8
LH:8
BRF:0
BRH:0
end_of_record
TN:
SF:src/features/products/productsSlice.ts
FN:16,(anonymous_0)
FN:18,(anonymous_1)
FNF:2
FNH:2
FNDA:14,(anonymous_0)
FNDA:64,(anonymous_1)
DA:8,5
DA:12,5
DA:17,14
DA:18,14
DA:19,64
DA:25,5
LF:6
LH:6
BRF:0
BRH:0
end_of_record
